<?xml version="1.0" encoding="UTF-8"?>
<!-- Generated by org.testng.reporters.JUnitReportReporter -->
<testsuite hostname="IN-BRM9WP3" failures="0" tests="1" name="com.flipkart.tests.SellerTest" time="11.406" errors="0" timestamp="2024-06-14T13:58:12 IST" skipped="0">
  <testcase classname="com.flipkart.tests.SellerTest" name="testSellerLoginFunctionality" time="11.406"/>
</testsuite> <!-- com.flipkart.tests.SellerTest -->
